Arguments: 
  /usr/local/bin/node /usr/share/yarn/bin/yarn.js start

PATH: 
  /usr/local/sbin:/usr/local/bin:/usr/sbin:/usr/bin:/sbin:/bin:/usr/games:/usr/local/games:/snap/bin

Yarn version: 
  1.22.5

Node version: 
  14.8.0

Platform: 
  linux x64

Trace: 
  SyntaxError: /home/umar/ApediaWork/backendNode/package.json: Unexpected token } in JSON at position 259
      at JSON.parse (<anonymous>)
      at /usr/share/yarn/lib/cli.js:1625:59
      at Generator.next (<anonymous>)
      at step (/usr/share/yarn/lib/cli.js:310:30)
      at /usr/share/yarn/lib/cli.js:321:13

npm manifest: 
  {
    "name": "backendNode",
    "version": "1.0.0",
    "main": "index.js",
    "license": "MIT",
    "scripts": {
      "start": "yarn start-client && yarn start-server",
      "start-client": "cd my-app && yarn start",
      "start-server": "cd Banckend && yarn start",
    }
  
  }

yarn manifest: 
  No manifest

Lockfile: 
  No lockfile
